# JRE version: Java(TM) SE Runtime Environment (21.0.6+8) (build 21.0.6+8-LTS-188)
# Java VM: Java HotSpot(TM) 64-Bit Server VM (21.0.6+8-LTS-188, mixed mode, emulated-client, sharing, tiered, compressed oops, compressed class ptrs, g1 gc, windows-amd64)
GC Precious Log:
 CardTable entry size: 512
 Card Set container configuration: InlinePtr #cards 4 size 8 Array Of Cards #cards 32 size 80 Howl #buckets 8 coarsen threshold 7372 Howl Bitmap #cards 1024 size 144 coarsen threshold 921 Card regions per heap region 1 cards per card region 8192
 CPUs: 12 total, 12 available
 Memory: 32708M
 Large Page Support: Disabled
 NUMA Support: Disabled
 Compressed Oops: Enabled (Zero based)
 Heap Region Size: 4M
 Heap Min Capacity: 8M
 Heap Initial Capacity: 512M
 Heap Max Capacity: 8180M
 Pre-touch: Disabled
 Parallel Workers: 10
 Concurrent Workers: 3
 Concurrent Refinement Workers: 10
 Periodic GC: Disabled
Heap:
 garbage-first heap   total 196608K, used 59015K [0x0000000600c00000, 0x0000000800000000)
  region size 4096K, 3 young (12288K), 1 survivors (4096K)
 Metaspace       used 21482K, committed 22336K, reserved 1114112K
  class space    used 2938K, committed 3328K, reserved 1048576K
GC Heap History (14 events):
Event: 0.778 GC heap before
{Heap before GC invocations=0 (full 0):
 garbage-first heap   total 524288K, used 20480K [0x0000000600c00000, 0x0000000800000000)
  region size 4096K, 6 young (24576K), 0 survivors (0K)
 Metaspace       used 3838K, committed 4032K, reserved 1114112K
  class space    used 440K, committed 512K, reserved 1048576K
}
Event: 0.782 GC heap after
{Heap after GC invocations=1 (full 0):
 garbage-first heap   total 524288K, used 11618K [0x0000000600c00000, 0x0000000800000000)
  region size 4096K, 1 young (4096K), 1 survivors (4096K)
 Metaspace       used 3838K, committed 4032K, reserved 1114112K
  class space    used 440K, committed 512K, reserved 1048576K
}
Event: 1.338 GC heap before
{Heap before GC invocations=1 (full 0):
 garbage-first heap   total 524288K, used 28002K [0x0000000600c00000, 0x0000000800000000)
  region size 4096K, 6 young (24576K), 1 survivors (4096K)
 Metaspace       used 4125K, committed 4416K, reserved 1114112K
  class space    used 491K, committed 640K, reserved 1048576K
}
Event: 1.342 GC heap after
{Heap after GC invocations=2 (full 0):
 garbage-first heap   total 524288K, used 24440K [0x0000000600c00000, 0x0000000800000000)
  region size 4096K, 1 young (4096K), 1 survivors (4096K)
 Metaspace       used 4125K, committed 4416K, reserved 1114112K
  class space    used 491K, committed 640K, reserved 1048576K
}
Event: 1.442 GC heap before
{Heap before GC invocations=2 (full 0):
 garbage-first heap   total 524288K, used 53112K [0x0000000600c00000, 0x0000000800000000)
  region size 4096K, 8 young (32768K), 1 survivors (4096K)
 Metaspace       used 4125K, committed 4416K, reserved 1114112K
  class space    used 491K, committed 640K, reserved 1048576K
}
Event: 1.444 GC heap after
{Heap after GC invocations=3 (full 0):
 garbage-first heap   total 524288K, used 31042K [0x0000000600c00000, 0x0000000800000000)
  region size 4096K, 1 young (4096K), 1 survivors (4096K)
 Metaspace       used 4125K, committed 4416K, reserved 1114112K
  class space    used 491K, committed 640K, reserved 1048576K
}
Event: 1.846 GC heap before
{Heap before GC invocations=3 (full 0):
 garbage-first heap   total 524288K, used 96578K [0x0000000600c00000, 0x0000000800000000)
  region size 4096K, 18 young (73728K), 1 survivors (4096K)
 Metaspace       used 8037K, committed 8384K, reserved 1114112K
  class space    used 1025K, committed 1152K, reserved 1048576K
}
Event: 1.851 GC heap after
{Heap after GC invocations=4 (full 0):
 garbage-first heap   total 524288K, used 39371K [0x0000000600c00000, 0x0000000800000000)
  region size 4096K, 4 young (16384K), 4 survivors (16384K)
 Metaspace       used 8037K, committed 8384K, reserved 1114112K
  class space    used 1025K, committed 1152K, reserved 1048576K
}
Event: 2.427 GC heap before
{Heap before GC invocations=5 (full 0):
 garbage-first heap   total 163840K, used 121291K [0x0000000600c00000, 0x0000000800000000)
  region size 4096K, 24 young (98304K), 4 survivors (16384K)
 Metaspace       used 16236K, committed 16704K, reserved 1114112K
  class space    used 2152K, committed 2368K, reserved 1048576K
}
Event: 2.434 GC heap after
{Heap after GC invocations=6 (full 0):
 garbage-first heap   total 163840K, used 45524K [0x0000000600c00000, 0x0000000800000000)
  region size 4096K, 2 young (8192K), 2 survivors (8192K)
 Metaspace       used 16236K, committed 16704K, reserved 1114112K
  class space    used 2152K, committed 2368K, reserved 1048576K
}
Event: 2.601 GC heap before
{Heap before GC invocations=6 (full 0):
 garbage-first heap   total 163840K, used 90580K [0x0000000600c00000, 0x0000000800000000)
  region size 4096K, 15 young (61440K), 2 survivors (8192K)
 Metaspace       used 20796K, committed 21504K, reserved 1114112K
  class space    used 2838K, committed 3200K, reserved 1048576K
}
Event: 2.607 GC heap after
{Heap after GC invocations=7 (full 0):
 garbage-first heap   total 163840K, used 53096K [0x0000000600c00000, 0x0000000800000000)
  region size 4096K, 3 young (12288K), 3 survivors (12288K)
 Metaspace       used 20796K, committed 21504K, reserved 1114112K
  class space    used 2838K, committed 3200K, reserved 1048576K
}
Event: 2.618 GC heap before
{Heap before GC invocations=7 (full 0):
 garbage-first heap   total 163840K, used 53096K [0x0000000600c00000, 0x0000000800000000)
  region size 4096K, 4 young (16384K), 3 survivors (12288K)
 Metaspace       used 21050K, committed 21824K, reserved 1114112K
  class space    used 2878K, committed 3264K, reserved 1048576K
}
Event: 2.623 GC heap after
{Heap after GC invocations=8 (full 0):
 garbage-first heap   total 196608K, used 54919K [0x0000000600c00000, 0x0000000800000000)
  region size 4096K, 1 young (4096K), 1 survivors (4096K)
 Metaspace       used 21050K, committed 21824K, reserved 1114112K
  class space    used 2878K, committed 3264K, reserved 1048576K
}

