# JRE version: Java(TM) SE Runtime Environment (21.0.6+8) (build 21.0.6+8-LTS-188)
# Java VM: Java HotSpot(TM) 64-Bit Server VM (21.0.6+8-LTS-188, mixed mode, emulated-client, sharing, tiered, compressed oops, compressed class ptrs, g1 gc, windows-amd64)
GC Precious Log:
 CardTable entry size: 512
 Card Set container configuration: InlinePtr #cards 4 size 8 Array Of Cards #cards 32 size 80 Howl #buckets 8 coarsen threshold 7372 Howl Bitmap #cards 1024 size 144 coarsen threshold 921 Card regions per heap region 1 cards per card region 8192
 CPUs: 12 total, 12 available
 Memory: 32708M
 Large Page Support: Disabled
 NUMA Support: Disabled
 Compressed Oops: Enabled (Zero based)
 Heap Region Size: 4M
 Heap Min Capacity: 8M
 Heap Initial Capacity: 512M
 Heap Max Capacity: 8180M
 Pre-touch: Disabled
 Parallel Workers: 10
 Concurrent Workers: 3
 Concurrent Refinement Workers: 10
 Periodic GC: Disabled
Heap:
 garbage-first heap   total 184320K, used 89083K [0x0000000600c00000, 0x0000000800000000)
  region size 4096K, 14 young (57344K), 2 survivors (8192K)
 Metaspace       used 23449K, committed 24576K, reserved 1114112K
  class space    used 3260K, committed 3776K, reserved 1048576K
GC Heap History (16 events):
Event: 0.781 GC heap before
{Heap before GC invocations=0 (full 0):
 garbage-first heap   total 524288K, used 20480K [0x0000000600c00000, 0x0000000800000000)
  region size 4096K, 6 young (24576K), 0 survivors (0K)
 Metaspace       used 3838K, committed 4032K, reserved 1114112K
  class space    used 440K, committed 512K, reserved 1048576K
}
Event: 0.785 GC heap after
{Heap after GC invocations=1 (full 0):
 garbage-first heap   total 524288K, used 11608K [0x0000000600c00000, 0x0000000800000000)
  region size 4096K, 1 young (4096K), 1 survivors (4096K)
 Metaspace       used 3838K, committed 4032K, reserved 1114112K
  class space    used 440K, committed 512K, reserved 1048576K
}
Event: 1.336 GC heap before
{Heap before GC invocations=1 (full 0):
 garbage-first heap   total 524288K, used 27992K [0x0000000600c00000, 0x0000000800000000)
  region size 4096K, 6 young (24576K), 1 survivors (4096K)
 Metaspace       used 4125K, committed 4416K, reserved 1114112K
  class space    used 491K, committed 640K, reserved 1048576K
}
Event: 1.340 GC heap after
{Heap after GC invocations=2 (full 0):
 garbage-first heap   total 524288K, used 24191K [0x0000000600c00000, 0x0000000800000000)
  region size 4096K, 1 young (4096K), 1 survivors (4096K)
 Metaspace       used 4125K, committed 4416K, reserved 1114112K
  class space    used 491K, committed 640K, reserved 1048576K
}
Event: 1.416 GC heap before
{Heap before GC invocations=2 (full 0):
 garbage-first heap   total 524288K, used 44671K [0x0000000600c00000, 0x0000000800000000)
  region size 4096K, 7 young (28672K), 1 survivors (4096K)
 Metaspace       used 4125K, committed 4416K, reserved 1114112K
  class space    used 491K, committed 640K, reserved 1048576K
}
Event: 1.419 GC heap after
{Heap after GC invocations=3 (full 0):
 garbage-first heap   total 524288K, used 29061K [0x0000000600c00000, 0x0000000800000000)
  region size 4096K, 1 young (4096K), 1 survivors (4096K)
 Metaspace       used 4125K, committed 4416K, reserved 1114112K
  class space    used 491K, committed 640K, reserved 1048576K
}
Event: 1.860 GC heap before
{Heap before GC invocations=3 (full 0):
 garbage-first heap   total 524288K, used 90501K [0x0000000600c00000, 0x0000000800000000)
  region size 4096K, 16 young (65536K), 1 survivors (4096K)
 Metaspace       used 7104K, committed 7488K, reserved 1114112K
  class space    used 905K, committed 1088K, reserved 1048576K
}
Event: 1.866 GC heap after
{Heap after GC invocations=4 (full 0):
 garbage-first heap   total 524288K, used 36524K [0x0000000600c00000, 0x0000000800000000)
  region size 4096K, 2 young (8192K), 2 survivors (8192K)
 Metaspace       used 7104K, committed 7488K, reserved 1114112K
  class space    used 905K, committed 1088K, reserved 1048576K
}
Event: 1.988 GC heap before
{Heap before GC invocations=4 (full 0):
 garbage-first heap   total 524288K, used 44716K [0x0000000600c00000, 0x0000000800000000)
  region size 4096K, 5 young (20480K), 2 survivors (8192K)
 Metaspace       used 8012K, committed 8384K, reserved 1114112K
  class space    used 1019K, committed 1152K, reserved 1048576K
}
Event: 1.991 GC heap after
{Heap after GC invocations=5 (full 0):
 garbage-first heap   total 524288K, used 37874K [0x0000000600c00000, 0x0000000800000000)
  region size 4096K, 3 young (12288K), 3 survivors (12288K)
 Metaspace       used 8012K, committed 8384K, reserved 1114112K
  class space    used 1019K, committed 1152K, reserved 1048576K
}
Event: 2.653 GC heap before
{Heap before GC invocations=6 (full 0):
 garbage-first heap   total 151552K, used 115698K [0x0000000600c00000, 0x0000000800000000)
  region size 4096K, 22 young (90112K), 3 survivors (12288K)
 Metaspace       used 15717K, committed 16256K, reserved 1114112K
  class space    used 2064K, committed 2304K, reserved 1048576K
}
Event: 2.659 GC heap after
{Heap after GC invocations=7 (full 0):
 garbage-first heap   total 151552K, used 43458K [0x0000000600c00000, 0x0000000800000000)
  region size 4096K, 3 young (12288K), 3 survivors (12288K)
 Metaspace       used 15717K, committed 16256K, reserved 1114112K
  class space    used 2064K, committed 2304K, reserved 1048576K
}
Event: 2.830 GC heap before
{Heap before GC invocations=7 (full 0):
 garbage-first heap   total 151552K, used 92610K [0x0000000600c00000, 0x0000000800000000)
  region size 4096K, 16 young (65536K), 3 survivors (12288K)
 Metaspace       used 20577K, committed 21504K, reserved 1114112K
  class space    used 2841K, committed 3264K, reserved 1048576K
}
Event: 2.837 GC heap after
{Heap after GC invocations=8 (full 0):
 garbage-first heap   total 151552K, used 48427K [0x0000000600c00000, 0x0000000800000000)
  region size 4096K, 3 young (12288K), 3 survivors (12288K)
 Metaspace       used 20577K, committed 21504K, reserved 1114112K
  class space    used 2841K, committed 3264K, reserved 1048576K
}
Event: 2.845 GC heap before
{Heap before GC invocations=8 (full 0):
 garbage-first heap   total 151552K, used 48427K [0x0000000600c00000, 0x0000000800000000)
  region size 4096K, 4 young (16384K), 3 survivors (12288K)
 Metaspace       used 20826K, committed 21824K, reserved 1114112K
  class space    used 2883K, committed 3328K, reserved 1048576K
}
Event: 2.850 GC heap after
{Heap after GC invocations=9 (full 0):
 garbage-first heap   total 184320K, used 48123K [0x0000000600c00000, 0x0000000800000000)
  region size 4096K, 2 young (8192K), 2 survivors (8192K)
 Metaspace       used 20826K, committed 21824K, reserved 1114112K
  class space    used 2883K, committed 3328K, reserved 1048576K
}

