# JRE version: Java(TM) SE Runtime Environment (21.0.6+8) (build 21.0.6+8-LTS-188)
# Java VM: Java HotSpot(TM) 64-Bit Server VM (21.0.6+8-LTS-188, mixed mode, emulated-client, sharing, tiered, compressed oops, compressed class ptrs, g1 gc, windows-amd64)
GC Precious Log:
 CardTable entry size: 512
 Card Set container configuration: InlinePtr #cards 4 size 8 Array Of Cards #cards 32 size 80 Howl #buckets 8 coarsen threshold 7372 Howl Bitmap #cards 1024 size 144 coarsen threshold 921 Card regions per heap region 1 cards per card region 8192
 CPUs: 12 total, 12 available
 Memory: 32708M
 Large Page Support: Disabled
 NUMA Support: Disabled
 Compressed Oops: Enabled (Zero based)
 Heap Region Size: 4M
 Heap Min Capacity: 8M
 Heap Initial Capacity: 512M
 Heap Max Capacity: 8180M
 Pre-touch: Disabled
 Parallel Workers: 10
 Concurrent Workers: 3
 Concurrent Refinement Workers: 10
 Periodic GC: Disabled
Heap:
 garbage-first heap   total 184320K, used 88853K [0x0000000600c00000, 0x0000000800000000)
  region size 4096K, 14 young (57344K), 2 survivors (8192K)
 Metaspace       used 23466K, committed 24576K, reserved 1114112K
  class space    used 3259K, committed 3776K, reserved 1048576K
GC Heap History (14 events):
Event: 0.728 GC heap before
{Heap before GC invocations=0 (full 0):
 garbage-first heap   total 524288K, used 20480K [0x0000000600c00000, 0x0000000800000000)
  region size 4096K, 6 young (24576K), 0 survivors (0K)
 Metaspace       used 3838K, committed 4032K, reserved 1114112K
  class space    used 440K, committed 512K, reserved 1048576K
}
Event: 0.732 GC heap after
{Heap after GC invocations=1 (full 0):
 garbage-first heap   total 524288K, used 11255K [0x0000000600c00000, 0x0000000800000000)
  region size 4096K, 1 young (4096K), 1 survivors (4096K)
 Metaspace       used 3838K, committed 4032K, reserved 1114112K
  class space    used 440K, committed 512K, reserved 1048576K
}
Event: 1.222 GC heap before
{Heap before GC invocations=1 (full 0):
 garbage-first heap   total 524288K, used 31735K [0x0000000600c00000, 0x0000000800000000)
  region size 4096K, 6 young (24576K), 1 survivors (4096K)
 Metaspace       used 4125K, committed 4416K, reserved 1114112K
  class space    used 491K, committed 640K, reserved 1048576K
}
Event: 1.226 GC heap after
{Heap after GC invocations=2 (full 0):
 garbage-first heap   total 524288K, used 24208K [0x0000000600c00000, 0x0000000800000000)
  region size 4096K, 1 young (4096K), 1 survivors (4096K)
 Metaspace       used 4125K, committed 4416K, reserved 1114112K
  class space    used 491K, committed 640K, reserved 1048576K
}
Event: 1.310 GC heap before
{Heap before GC invocations=2 (full 0):
 garbage-first heap   total 524288K, used 52880K [0x0000000600c00000, 0x0000000800000000)
  region size 4096K, 8 young (32768K), 1 survivors (4096K)
 Metaspace       used 4125K, committed 4416K, reserved 1114112K
  class space    used 491K, committed 640K, reserved 1048576K
}
Event: 1.313 GC heap after
{Heap after GC invocations=3 (full 0):
 garbage-first heap   total 524288K, used 29332K [0x0000000600c00000, 0x0000000800000000)
  region size 4096K, 1 young (4096K), 1 survivors (4096K)
 Metaspace       used 4125K, committed 4416K, reserved 1114112K
  class space    used 491K, committed 640K, reserved 1048576K
}
Event: 1.713 GC heap before
{Heap before GC invocations=3 (full 0):
 garbage-first heap   total 524288K, used 90772K [0x0000000600c00000, 0x0000000800000000)
  region size 4096K, 18 young (73728K), 1 survivors (4096K)
 Metaspace       used 8284K, committed 8640K, reserved 1114112K
  class space    used 1059K, committed 1216K, reserved 1048576K
}
Event: 1.718 GC heap after
{Heap after GC invocations=4 (full 0):
 garbage-first heap   total 524288K, used 37524K [0x0000000600c00000, 0x0000000800000000)
  region size 4096K, 3 young (12288K), 3 survivors (12288K)
 Metaspace       used 8284K, committed 8640K, reserved 1114112K
  class space    used 1059K, committed 1216K, reserved 1048576K
}
Event: 2.272 GC heap before
{Heap before GC invocations=5 (full 0):
 garbage-first heap   total 151552K, used 115348K [0x0000000600c00000, 0x0000000800000000)
  region size 4096K, 22 young (90112K), 3 survivors (12288K)
 Metaspace       used 16059K, committed 16576K, reserved 1114112K
  class space    used 2126K, committed 2368K, reserved 1048576K
}
Event: 2.279 GC heap after
{Heap after GC invocations=6 (full 0):
 garbage-first heap   total 151552K, used 43543K [0x0000000600c00000, 0x0000000800000000)
  region size 4096K, 2 young (8192K), 2 survivors (8192K)
 Metaspace       used 16059K, committed 16576K, reserved 1114112K
  class space    used 2126K, committed 2368K, reserved 1048576K
}
Event: 2.465 GC heap before
{Heap before GC invocations=6 (full 0):
 garbage-first heap   total 151552K, used 88599K [0x0000000600c00000, 0x0000000800000000)
  region size 4096K, 14 young (57344K), 2 survivors (8192K)
 Metaspace       used 20621K, committed 21504K, reserved 1114112K
  class space    used 2832K, committed 3264K, reserved 1048576K
}
Event: 2.470 GC heap after
{Heap after GC invocations=7 (full 0):
 garbage-first heap   total 151552K, used 48513K [0x0000000600c00000, 0x0000000800000000)
  region size 4096K, 3 young (12288K), 3 survivors (12288K)
 Metaspace       used 20621K, committed 21504K, reserved 1114112K
  class space    used 2832K, committed 3264K, reserved 1048576K
}
Event: 2.480 GC heap before
{Heap before GC invocations=7 (full 0):
 garbage-first heap   total 151552K, used 48513K [0x0000000600c00000, 0x0000000800000000)
  region size 4096K, 4 young (16384K), 3 survivors (12288K)
 Metaspace       used 20894K, committed 21824K, reserved 1114112K
  class space    used 2869K, committed 3328K, reserved 1048576K
}
Event: 2.484 GC heap after
{Heap after GC invocations=8 (full 0):
 garbage-first heap   total 184320K, used 47893K [0x0000000600c00000, 0x0000000800000000)
  region size 4096K, 2 young (8192K), 2 survivors (8192K)
 Metaspace       used 20894K, committed 21824K, reserved 1114112K
  class space    used 2869K, committed 3328K, reserved 1048576K
}

